ekeysdk/build/intermediates/manifest_merge_blame_file/release/processReleaseManifest/manifest-merger-blame-release-report.txt
1<?xml version="1.0" encoding="utf-8"?>
2<manifest xmlns:android="http://schemas.android.com/apk/res/android"
3    package="com.example.ekeysdk" >
4
5    <uses-sdk android:minSdkVersion="24" />
5-->INJECTED
5-->INJECTED
6
7    <uses-permission android:name="android.permission.INTERNET" />
7-->src/main/AndroidManifest.xml:4:5-67
7-->src/main/AndroidManifest.xml:4:22-64
8
9    <application>
9-->src/main/AndroidManifest.xml:6:5-29:19
10        <activity
10-->src/main/AndroidManifest.xml:7:9-28:20
11            android:name="com.example.ekeysdk.EkeyLoginActivity"
11-->src/main/AndroidManifest.xml:8:13-46
12            android:exported="true"
12-->src/main/AndroidManifest.xml:9:13-36
13            android:launchMode="singleTop"
13-->src/main/AndroidManifest.xml:10:13-43
14            android:theme="@android:style/Theme.NoTitleBar" >
14-->src/main/AndroidManifest.xml:11:13-60
15
16            <!--
17                 focus_uri callback for eKey 2.0 app-to-app login: necekey://callback.
18                 This must live on EkeyLoginActivity, not the host app's activity: at the
19                 moment eKey redirects back, EkeyLoginActivity is the top of our task's back
20                 stack (the external eKey app/browser runs in its own task), so singleTop
21                 correctly reuses this instance via onNewIntent. Registering it on a
22                 non-top activity instead causes Android to spawn a brand-new instance via
23                 onCreate rather than routing to onNewIntent, silently dropping the callback.
24            -->
25            <intent-filter>
25-->src/main/AndroidManifest.xml:20:13-27:29
26                <action android:name="android.intent.action.VIEW" />
26-->src/main/AndroidManifest.xml:21:17-69
26-->src/main/AndroidManifest.xml:21:25-66
27
28                <category android:name="android.intent.category.DEFAULT" />
28-->src/main/AndroidManifest.xml:23:17-76
28-->src/main/AndroidManifest.xml:23:27-73
29                <category android:name="android.intent.category.BROWSABLE" />
29-->src/main/AndroidManifest.xml:24:17-78
29-->src/main/AndroidManifest.xml:24:27-75
30
31                <data
31-->src/main/AndroidManifest.xml:26:17-74
32                    android:host="callback"
32-->src/main/AndroidManifest.xml:26:48-71
33                    android:scheme="necekey" />
33-->src/main/AndroidManifest.xml:26:23-47
34            </intent-filter>
35        </activity>
36    </application>
37
38</manifest>